\BOOKMARK [1][-]{section.1}{\376\377\000G\000r\000o\000u\000p\000\040\000a\000n\000d\000\040\000M\000e\000m\000b\000e\000r\000s}{}% 1
\BOOKMARK [1][-]{section.2}{\376\377\000C\000a\000r\000d\000s\000\040\000O\000v\000e\000r\000v\000i\000e\000w}{}% 2
\BOOKMARK [1][-]{section.3}{\376\377\000A\000r\000c\000h\000i\000t\000e\000c\000t\000u\000r\000e}{}% 3
\BOOKMARK [2][-]{subsection.3.1}{\376\377\000D\000e\000s\000i\000g\000n\000\040\000C\000h\000o\000i\000c\000e\000s}{section.3}% 4
\BOOKMARK [2][-]{subsection.3.2}{\376\377\000I\000n\000t\000e\000r\000-\000S\000e\000r\000v\000i\000c\000e\000\040\000C\000o\000m\000m\000u\000n\000i\000c\000a\000t\000i\000o\000n}{section.3}% 5
\BOOKMARK [1][-]{section.4}{\376\377\000U\000s\000e\000r\000\040\000S\000t\000o\000r\000i\000e\000s}{}% 6
\BOOKMARK [1][-]{section.5}{\376\377\000G\000a\000m\000e\000\040\000R\000u\000l\000e\000s}{}% 7
\BOOKMARK [1][-]{section.6}{\376\377\000G\000a\000m\000e\000\040\000F\000l\000o\000w}{}% 8
\BOOKMARK [1][-]{section.7}{\376\377\000T\000e\000s\000t\000i\000n\000g}{}% 9
\BOOKMARK [2][-]{subsection.7.1}{\376\377\000U\000n\000i\000t\000\040\000T\000e\000s\000t\000i\000n\000g}{section.7}% 10
\BOOKMARK [2][-]{subsection.7.2}{\376\377\000I\000s\000o\000l\000a\000t\000i\000o\000n\000\040\000T\000e\000s\000t\000i\000n\000g}{section.7}% 11
\BOOKMARK [2][-]{subsection.7.3}{\376\377\000S\000y\000s\000t\000e\000m\000\040\000a\000n\000d\000\040\000I\000n\000t\000e\000g\000r\000a\000t\000i\000o\000n\000\040\000T\000e\000s\000t\000i\000n\000g}{section.7}% 12
\BOOKMARK [1][-]{section.8}{\376\377\000S\000e\000c\000u\000r\000i\000t\000y}{}% 13
\BOOKMARK [2][-]{subsection.8.1}{\376\377\000D\000a\000t\000a}{section.8}% 14
\BOOKMARK [3][-]{subsubsection.8.1.1}{\376\377\000I\000n\000p\000u\000t\000\040\000S\000a\000n\000i\000t\000i\000z\000a\000t\000i\000o\000n}{subsection.8.1}% 15
\BOOKMARK [3][-]{subsubsection.8.1.2}{\376\377\000E\000n\000c\000r\000y\000p\000t\000i\000o\000n\000\040\000a\000t\000\040\000R\000e\000s\000t}{subsection.8.1}% 16
\BOOKMARK [2][-]{subsection.8.2}{\376\377\000A\000u\000t\000h\000o\000r\000i\000z\000a\000t\000i\000o\000n\000\040\000a\000n\000d\000\040\000A\000u\000t\000h\000e\000n\000t\000i\000c\000a\000t\000i\000o\000n}{section.8}% 17
\BOOKMARK [2][-]{subsection.8.3}{\376\377\000A\000n\000a\000l\000y\000s\000e\000s}{section.8}% 18
\BOOKMARK [3][-]{subsubsection.8.3.1}{\376\377\000S\000t\000a\000t\000i\000c\000\040\000A\000n\000a\000l\000y\000s\000i\000s}{subsection.8.3}% 19
\BOOKMARK [3][-]{subsubsection.8.3.2}{\376\377\000D\000o\000c\000k\000e\000r\000\040\000S\000c\000o\000u\000t}{subsection.8.3}% 20
\BOOKMARK [1][-]{section.9}{\376\377\000T\000h\000r\000e\000a\000t\000\040\000M\000o\000d\000e\000l}{}% 21
\BOOKMARK [2][-]{subsection.9.1}{\376\377\000W\000o\000r\000k\000\040\000f\000r\000o\000m\000\040\000a\000\040\000M\000o\000d\000e\000l}{section.9}% 22
\BOOKMARK [2][-]{subsection.9.2}{\376\377\000I\000d\000e\000n\000t\000i\000f\000y\000\040\000A\000s\000s\000e\000t\000s}{section.9}% 23
\BOOKMARK [2][-]{subsection.9.3}{\376\377\000I\000d\000e\000n\000t\000i\000f\000y\000\040\000A\000t\000t\000a\000c\000k\000\040\000S\000u\000r\000f\000a\000c\000e\000s}{section.9}% 24
\BOOKMARK [2][-]{subsection.9.4}{\376\377\000I\000d\000e\000n\000t\000i\000f\000y\000\040\000T\000r\000u\000s\000t\000\040\000B\000o\000u\000n\000d\000a\000r\000i\000e\000s}{section.9}% 25
\BOOKMARK [2][-]{subsection.9.5}{\376\377\000I\000d\000e\000n\000t\000i\000f\000y\000\040\000T\000h\000r\000e\000a\000t\000s\000\040\000\050\000S\000T\000R\000I\000D\000E\000\051}{section.9}% 26
\BOOKMARK [2][-]{subsection.9.6}{\376\377\000M\000i\000t\000i\000g\000a\000t\000e\000\040\000T\000h\000r\000e\000a\000t\000s}{section.9}% 27
\BOOKMARK [1][-]{section.10}{\376\377\000U\000s\000e\000\040\000o\000f\000\040\000G\000e\000n\000e\000r\000a\000t\000i\000v\000e\000\040\000A\000I}{}% 28
\BOOKMARK [1][-]{section.11}{\376\377\000A\000d\000d\000i\000t\000i\000o\000n\000a\000l\000\040\000F\000e\000a\000t\000u\000r\000e\000s}{}% 29
